[debug] [2025-02-12T10:53:03.597Z] ----------------------------------------------------------------------
[debug] [2025-02-12T10:53:03.600Z] Command:       C:\Program Files\nodejs\node.exe C:\Users\kohza\AppData\Roaming\npm\node_modules\firebase-tools\lib\bin\firebase.js init
[debug] [2025-02-12T10:53:03.600Z] CLI Version:   13.30.0
[debug] [2025-02-12T10:53:03.600Z] Platform:      win32
[debug] [2025-02-12T10:53:03.600Z] Node Version:  v20.14.0
[debug] [2025-02-12T10:53:03.600Z] Time:          Wed Feb 12 2025 19:53:03 GMT+0900 (日本標準時)
[debug] [2025-02-12T10:53:03.600Z] ----------------------------------------------------------------------
[debug] 
[debug] [2025-02-12T10:53:03.608Z] > command requires scopes: ["email","openid","https://www.googleapis.com/auth/cloudplatformprojects.readonly","https://www.googleapis.com/auth/firebase","https://www.googleapis.com/auth/cloud-platform"]
[debug] [2025-02-12T10:53:03.608Z] > authorizing via signed-in user (yuki.kohzaki@gmail.com)
[info] 
     ######## #### ########  ######## ########     ###     ######  ########
     ##        ##  ##     ## ##       ##     ##  ##   ##  ##       ##
     ######    ##  ########  ######   ########  #########  ######  ######
     ##        ##  ##    ##  ##       ##     ## ##     ##       ## ##
     ##       #### ##     ## ######## ########  ##     ##  ######  ########

You're about to initialize a Firebase project in this directory:

  C:\Users\kohza\Documents\kz\todo-appli-ts2

[info] 
=== Project Setup
[info] 
[info] First, let's associate this project directory with a Firebase project.
[info] You can create multiple project aliases by running firebase use --add, 
[info] but for now we'll just set up a default project.
[info] 
[debug] [2025-02-12T10:53:39.783Z] Checked if tokens are valid: true, expires at: 1739361169388
[debug] [2025-02-12T10:53:39.784Z] Checked if tokens are valid: true, expires at: 1739361169388
[debug] [2025-02-12T10:53:39.785Z] >>> [apiv2][query] GET https://firebase.googleapis.com/v1beta1/projects pageSize=100
[debug] [2025-02-12T10:53:40.689Z] <<< [apiv2][status] GET https://firebase.googleapis.com/v1beta1/projects 200
[debug] [2025-02-12T10:53:40.689Z] <<< [apiv2][body] GET https://firebase.googleapis.com/v1beta1/projects [omitted]
[info] i  Using project portfolio-1458b (portfolio) 
[info] 
=== Dataconnect Setup
[debug] [2025-02-12T10:54:49.205Z] Checked if tokens are valid: true, expires at: 1739361169388
[debug] [2025-02-12T10:54:49.205Z] Checked if tokens are valid: true, expires at: 1739361169388
[debug] [2025-02-12T10:54:49.206Z] >>> [apiv2][query] GET https://cloudbilling.googleapis.com/v1/projects/portfolio-1458b/billingInfo [none]
[debug] [2025-02-12T10:54:50.652Z] <<< [apiv2][status] GET https://cloudbilling.googleapis.com/v1/projects/portfolio-1458b/billingInfo 200
[debug] [2025-02-12T10:54:50.653Z] <<< [apiv2][body] GET https://cloudbilling.googleapis.com/v1/projects/portfolio-1458b/billingInfo {"name":"projects/portfolio-1458b/billingInfo","projectId":"portfolio-1458b","billingAccountName":"","billingEnabled":false}
[info] i  dataconnect: ensuring required API sqladmin.googleapis.com is enabled... 
[debug] [2025-02-12T10:54:50.654Z] Checked if tokens are valid: true, expires at: 1739361169388
[debug] [2025-02-12T10:54:50.654Z] Checked if tokens are valid: true, expires at: 1739361169388
[debug] [2025-02-12T10:54:50.654Z] >>> [apiv2][query] GET https://serviceusage.googleapis.com/v1/projects/portfolio-1458b/services/sqladmin.googleapis.com [none]
[debug] [2025-02-12T10:54:50.654Z] >>> [apiv2][(partial)header] GET https://serviceusage.googleapis.com/v1/projects/portfolio-1458b/services/sqladmin.googleapis.com x-goog-quota-user=projects/portfolio-1458b
[debug] [2025-02-12T10:54:52.000Z] <<< [apiv2][status] GET https://serviceusage.googleapis.com/v1/projects/portfolio-1458b/services/sqladmin.googleapis.com 200
[debug] [2025-02-12T10:54:52.000Z] <<< [apiv2][body] GET https://serviceusage.googleapis.com/v1/projects/portfolio-1458b/services/sqladmin.googleapis.com [omitted]
[warn] !  dataconnect: missing required API sqladmin.googleapis.com. Enabling now... 
[debug] [2025-02-12T10:54:52.001Z] Checked if tokens are valid: true, expires at: 1739361169388
[debug] [2025-02-12T10:54:52.002Z] Checked if tokens are valid: true, expires at: 1739361169388
[debug] [2025-02-12T10:54:52.002Z] >>> [apiv2][query] POST https://serviceusage.googleapis.com/v1/projects/portfolio-1458b/services/sqladmin.googleapis.com:enable [none]
[debug] [2025-02-12T10:54:52.002Z] >>> [apiv2][(partial)header] POST https://serviceusage.googleapis.com/v1/projects/portfolio-1458b/services/sqladmin.googleapis.com:enable x-goog-quota-user=projects/portfolio-1458b
[debug] [2025-02-12T10:54:53.157Z] <<< [apiv2][status] POST https://serviceusage.googleapis.com/v1/projects/portfolio-1458b/services/sqladmin.googleapis.com:enable 200
[debug] [2025-02-12T10:54:53.157Z] <<< [apiv2][body] POST https://serviceusage.googleapis.com/v1/projects/portfolio-1458b/services/sqladmin.googleapis.com:enable [omitted]
[debug] [2025-02-12T10:55:03.163Z] Checked if tokens are valid: true, expires at: 1739361169388
[debug] [2025-02-12T10:55:03.164Z] Checked if tokens are valid: true, expires at: 1739361169388
[debug] [2025-02-12T10:55:03.164Z] >>> [apiv2][query] GET https://serviceusage.googleapis.com/v1/projects/portfolio-1458b/services/sqladmin.googleapis.com [none]
[debug] [2025-02-12T10:55:03.164Z] >>> [apiv2][(partial)header] GET https://serviceusage.googleapis.com/v1/projects/portfolio-1458b/services/sqladmin.googleapis.com x-goog-quota-user=projects/portfolio-1458b
[debug] [2025-02-12T10:55:04.288Z] <<< [apiv2][status] GET https://serviceusage.googleapis.com/v1/projects/portfolio-1458b/services/sqladmin.googleapis.com 200
[debug] [2025-02-12T10:55:04.288Z] <<< [apiv2][body] GET https://serviceusage.googleapis.com/v1/projects/portfolio-1458b/services/sqladmin.googleapis.com [omitted]
[info] +  dataconnect: required API sqladmin.googleapis.com is enabled 
[info] +  Wrote dataconnect\dataconnect.yaml 
[info] +  Wrote dataconnect\schema\schema.gql 
[info] +  Wrote dataconnect\connector\connector.yaml 
[info] +  Wrote dataconnect\connector\queries.gql 
[info] +  Wrote dataconnect\connector\mutations.gql 
[info] +  Detected WEB app in directory C:\Users\kohza\Documents\kz\todo-appli-ts2 
[info] i  Wrote new config to C:\Users\kohza\Documents\kz\todo-appli-ts2\dataconnect\connector/connector.yaml 
[info] i  dataconnect: downloading dataconnect-emulator-1.7.7.exe... {"metadata":{"emulator":{"name":"dataconnect"},"message":"downloading dataconnect-emulator-1.7.7.exe..."}}
[debug] [2025-02-12T10:55:20.917Z] >>> [apiv2][query] GET https://storage.googleapis.com/firemat-preview-drop/emulator/dataconnect-emulator-windows-v1.7.7 
[debug] [2025-02-12T10:55:21.483Z] <<< [apiv2][status] GET https://storage.googleapis.com/firemat-preview-drop/emulator/dataconnect-emulator-windows-v1.7.7 200
[debug] [2025-02-12T10:55:21.483Z] <<< [apiv2][body] GET https://storage.googleapis.com/firemat-preview-drop/emulator/dataconnect-emulator-windows-v1.7.7 [stream]
[info] I0212 19:55:25.674153    6816 codegen.go:82] [connector "default" javascriptSdk] Generating sources into "C:\\Users\\kohza\\Documents\\kz\\todo-appli-ts2\\dataconnect-generated\\js\\default-connector"
I0212 19:55:25.755404    6816 generate.go:40] Generated all sources. Writing them to disk...
I0212 19:55:25.760003    6816 collector.go:107] connector "default" javascriptSdk wrote into "C:\\Users\\kohza\\Documents\\kz\\todo-appli-ts2\\dataconnect-generated\\js\\default-connector"
Generated sources: index.d.ts [261B] esm\index.esm.js [173B] esm\package.json [17B] index.cjs.js [214B] package.json [634B] README.md [2740B] 
I0212 19:55:25.776588    6816 installsdk.go:76] Running command: C:\Program Files\nodejs\npm.cmd install file:dataconnect-generated\js\default-connector

[info] i  Generated SDK code for default 
[info] +  If you'd like to add more generated SDKs to your app your later, run firebase init dataconnect:sdk again 
[info] i  If you'd like to provision a CloudSQL Postgres instance on the Firebase Data Connect no-cost trial:
1. Please upgrade to the pay-as-you-go (Blaze) billing plan. Visit the following page:
     https://console.firebase.google.com/project/portfolio-1458b/usage/details
2. Run firebase init dataconnect again to configure the Cloud SQL instance.
3. Run firebase deploy --only dataconnect to deploy your Data Connect service. 
[info] 
=== Firestore Setup
[debug] [2025-02-12T10:55:29.687Z] Checked if tokens are valid: true, expires at: 1739361169388
[debug] [2025-02-12T10:55:29.687Z] Checked if tokens are valid: true, expires at: 1739361169388
[debug] [2025-02-12T10:55:29.687Z] >>> [apiv2][query] GET https://serviceusage.googleapis.com/v1/projects/portfolio-1458b/services/firestore.googleapis.com [none]
[debug] [2025-02-12T10:55:29.687Z] >>> [apiv2][(partial)header] GET https://serviceusage.googleapis.com/v1/projects/portfolio-1458b/services/firestore.googleapis.com x-goog-quota-user=projects/portfolio-1458b
[debug] [2025-02-12T10:55:30.931Z] <<< [apiv2][status] GET https://serviceusage.googleapis.com/v1/projects/portfolio-1458b/services/firestore.googleapis.com 200
[debug] [2025-02-12T10:55:30.932Z] <<< [apiv2][body] GET https://serviceusage.googleapis.com/v1/projects/portfolio-1458b/services/firestore.googleapis.com [omitted]
[debug] [2025-02-12T10:55:30.932Z] Checked if tokens are valid: true, expires at: 1739361169388
[debug] [2025-02-12T10:55:30.932Z] Checked if tokens are valid: true, expires at: 1739361169388
[debug] [2025-02-12T10:55:30.932Z] >>> [apiv2][query] GET https://firestore.googleapis.com/v1/projects/portfolio-1458b/databases/(default) [none]
[debug] [2025-02-12T10:55:31.251Z] <<< [apiv2][status] GET https://firestore.googleapis.com/v1/projects/portfolio-1458b/databases/(default) 200
[debug] [2025-02-12T10:55:31.252Z] <<< [apiv2][body] GET https://firestore.googleapis.com/v1/projects/portfolio-1458b/databases/(default) {"name":"projects/portfolio-1458b/databases/(default)","uid":"60880405-fb57-4309-91bf-f525b5f874d6","createTime":"2023-10-28T03:43:04.665783Z","updateTime":"2023-10-28T03:43:04.665783Z","locationId":"asia-northeast1","type":"FIRESTORE_NATIVE","concurrencyMode":"PESSIMISTIC","versionRetentionPeriod":"3600s","earliestVersionTime":"2025-02-12T09:55:32.129588Z","appEngineIntegrationMode":"DISABLED","keyPrefix":"b","pointInTimeRecoveryEnablement":"POINT_IN_TIME_RECOVERY_DISABLED","deleteProtectionState":"DELETE_PROTECTION_DISABLED","databaseEdition":"STANDARD","etag":"INWRi778vYsDMIWS3dGJ2okD"}
[debug] [2025-02-12T10:55:31.252Z] database_type: FIRESTORE_NATIVE
[debug] [2025-02-12T10:55:31.252Z] database_type: FIRESTORE_NATIVE
[debug] [2025-02-12T10:55:31.252Z] > command requires scopes: ["email","openid","https://www.googleapis.com/auth/cloudplatformprojects.readonly","https://www.googleapis.com/auth/firebase","https://www.googleapis.com/auth/cloud-platform"]
[debug] [2025-02-12T10:55:31.252Z] > authorizing via signed-in user (yuki.kohzaki@gmail.com)
[debug] [2025-02-12T10:55:31.252Z] [iam] checking project portfolio-1458b for permissions ["firebase.projects.get"]
[debug] [2025-02-12T10:55:31.253Z] Checked if tokens are valid: true, expires at: 1739361169388
[debug] [2025-02-12T10:55:31.253Z] Checked if tokens are valid: true, expires at: 1739361169388
[debug] [2025-02-12T10:55:31.253Z] >>> [apiv2][query] POST https://cloudresourcemanager.googleapis.com/v1/projects/portfolio-1458b:testIamPermissions [none]
[debug] [2025-02-12T10:55:31.253Z] >>> [apiv2][(partial)header] POST https://cloudresourcemanager.googleapis.com/v1/projects/portfolio-1458b:testIamPermissions x-goog-quota-user=projects/portfolio-1458b
[debug] [2025-02-12T10:55:31.253Z] >>> [apiv2][body] POST https://cloudresourcemanager.googleapis.com/v1/projects/portfolio-1458b:testIamPermissions {"permissions":["firebase.projects.get"]}
[debug] [2025-02-12T10:55:32.036Z] <<< [apiv2][status] POST https://cloudresourcemanager.googleapis.com/v1/projects/portfolio-1458b:testIamPermissions 200
[debug] [2025-02-12T10:55:32.036Z] <<< [apiv2][body] POST https://cloudresourcemanager.googleapis.com/v1/projects/portfolio-1458b:testIamPermissions {"permissions":["firebase.projects.get"]}
[info] 
[info] Firestore Security Rules allow you to define how and when to allow
[info] requests. You can keep these rules in your project directory
[info] and publish them with firebase deploy.
[info] 
[debug] [2025-02-12T10:55:45.449Z] Checked if tokens are valid: true, expires at: 1739361169388
[debug] [2025-02-12T10:55:45.449Z] Checked if tokens are valid: true, expires at: 1739361169388
[debug] [2025-02-12T10:55:45.450Z] >>> [apiv2][query] GET https://firebaserules.googleapis.com/v1/projects/portfolio-1458b/releases pageSize=10&pageToken=
[debug] [2025-02-12T10:55:46.771Z] <<< [apiv2][status] GET https://firebaserules.googleapis.com/v1/projects/portfolio-1458b/releases 200
[debug] [2025-02-12T10:55:46.772Z] <<< [apiv2][body] GET https://firebaserules.googleapis.com/v1/projects/portfolio-1458b/releases {"releases":[{"name":"projects/portfolio-1458b/releases/cloud.firestore","rulesetName":"projects/portfolio-1458b/rulesets/98336a74-716b-44e6-9f7f-856fe133cd42","createTime":"2023-10-28T03:43:12.294532Z","updateTime":"2024-02-26T13:01:52.689788Z"},{"name":"projects/portfolio-1458b/releases/firebase.storage/portfolio-1458b.appspot.com","rulesetName":"projects/portfolio-1458b/rulesets/991638a7-e4e4-43c6-aa17-14ae4ea6fb39","createTime":"2023-10-28T03:44:44.523047Z","updateTime":"2023-10-28T03:44:44.523047Z"}]}
[debug] [2025-02-12T10:55:46.773Z] Found ruleset: projects/portfolio-1458b/rulesets/98336a74-716b-44e6-9f7f-856fe133cd42
[debug] [2025-02-12T10:55:46.773Z] Checked if tokens are valid: true, expires at: 1739361169388
[debug] [2025-02-12T10:55:46.773Z] Checked if tokens are valid: true, expires at: 1739361169388
[debug] [2025-02-12T10:55:46.773Z] >>> [apiv2][query] GET https://firebaserules.googleapis.com/v1/projects/portfolio-1458b/rulesets/98336a74-716b-44e6-9f7f-856fe133cd42 [none]
[debug] [2025-02-12T10:55:47.957Z] <<< [apiv2][status] GET https://firebaserules.googleapis.com/v1/projects/portfolio-1458b/rulesets/98336a74-716b-44e6-9f7f-856fe133cd42 200
[debug] [2025-02-12T10:55:47.957Z] <<< [apiv2][body] GET https://firebaserules.googleapis.com/v1/projects/portfolio-1458b/rulesets/98336a74-716b-44e6-9f7f-856fe133cd42 [omitted]
[info] 
[info] Firestore indexes allow you to perform complex queries while
[info] maintaining performance that scales with the size of the result
[info] set. You can keep index definitions in your project directory
[info] and publish them with firebase deploy.
[info] 
[debug] [2025-02-12T10:55:54.807Z] Checked if tokens are valid: true, expires at: 1739361169388
[debug] [2025-02-12T10:55:54.808Z] Checked if tokens are valid: true, expires at: 1739361169388
[debug] [2025-02-12T10:55:54.808Z] Checked if tokens are valid: true, expires at: 1739361169388
[debug] [2025-02-12T10:55:54.808Z] Checked if tokens are valid: true, expires at: 1739361169388
[debug] [2025-02-12T10:55:54.808Z] >>> [apiv2][query] GET https://firestore.googleapis.com/v1/projects/portfolio-1458b/databases/(default)/collectionGroups/-/indexes [none]
[debug] [2025-02-12T10:55:54.810Z] >>> [apiv2][query] GET https://firestore.googleapis.com/v1/projects/portfolio-1458b/databases/(default)/collectionGroups/-/fields?filter=indexConfig.usesAncestorConfig=false OR ttlConfig:* [none]
[debug] [2025-02-12T10:55:55.063Z] <<< [apiv2][status] GET https://firestore.googleapis.com/v1/projects/portfolio-1458b/databases/(default)/collectionGroups/-/indexes 200
[debug] [2025-02-12T10:55:55.063Z] <<< [apiv2][body] GET https://firestore.googleapis.com/v1/projects/portfolio-1458b/databases/(default)/collectionGroups/-/indexes {}
[debug] [2025-02-12T10:55:55.075Z] <<< [apiv2][status] GET https://firestore.googleapis.com/v1/projects/portfolio-1458b/databases/(default)/collectionGroups/-/fields?filter=indexConfig.usesAncestorConfig=false OR ttlConfig:* 200
[debug] [2025-02-12T10:55:55.075Z] <<< [apiv2][body] GET https://firestore.googleapis.com/v1/projects/portfolio-1458b/databases/(default)/collectionGroups/-/fields?filter=indexConfig.usesAncestorConfig=false OR ttlConfig:* {"fields":[{"name":"projects/portfolio-1458b/databases/(default)/collectionGroups/__default__/fields/*","indexConfig":{"indexes":[{"queryScope":"COLLECTION","fields":[{"fieldPath":"*","order":"ASCENDING"}],"state":"READY"},{"queryScope":"COLLECTION","fields":[{"fieldPath":"*","order":"DESCENDING"}],"state":"READY"},{"queryScope":"COLLECTION","fields":[{"fieldPath":"*","arrayConfig":"CONTAINS"}],"state":"READY"}]}}]}
[info] 
=== Genkit Setup
[debug] [2025-02-12T10:56:05.997Z] > command requires scopes: ["email","openid","https://www.googleapis.com/auth/cloudplatformprojects.readonly","https://www.googleapis.com/auth/firebase","https://www.googleapis.com/auth/cloud-platform"]
[debug] [2025-02-12T10:56:05.998Z] > authorizing via signed-in user (yuki.kohzaki@gmail.com)
[debug] [2025-02-12T10:56:05.998Z] [iam] checking project portfolio-1458b for permissions ["firebase.projects.get"]
[debug] [2025-02-12T10:56:05.998Z] Checked if tokens are valid: true, expires at: 1739361169388
[debug] [2025-02-12T10:56:05.998Z] Checked if tokens are valid: true, expires at: 1739361169388
[debug] [2025-02-12T10:56:05.998Z] >>> [apiv2][query] POST https://cloudresourcemanager.googleapis.com/v1/projects/portfolio-1458b:testIamPermissions [none]
[debug] [2025-02-12T10:56:05.998Z] >>> [apiv2][(partial)header] POST https://cloudresourcemanager.googleapis.com/v1/projects/portfolio-1458b:testIamPermissions x-goog-quota-user=projects/portfolio-1458b
[debug] [2025-02-12T10:56:05.998Z] >>> [apiv2][body] POST https://cloudresourcemanager.googleapis.com/v1/projects/portfolio-1458b:testIamPermissions {"permissions":["firebase.projects.get"]}
[debug] [2025-02-12T10:56:06.840Z] <<< [apiv2][status] POST https://cloudresourcemanager.googleapis.com/v1/projects/portfolio-1458b:testIamPermissions 200
[debug] [2025-02-12T10:56:06.840Z] <<< [apiv2][body] POST https://cloudresourcemanager.googleapis.com/v1/projects/portfolio-1458b:testIamPermissions {"permissions":["firebase.projects.get"]}
[debug] [2025-02-12T10:56:06.840Z] Checked if tokens are valid: true, expires at: 1739361169388
[debug] [2025-02-12T10:56:06.840Z] Checked if tokens are valid: true, expires at: 1739361169388
[debug] [2025-02-12T10:56:06.841Z] Checked if tokens are valid: true, expires at: 1739361169388
[debug] [2025-02-12T10:56:06.841Z] Checked if tokens are valid: true, expires at: 1739361169388
[debug] [2025-02-12T10:56:06.841Z] >>> [apiv2][query] GET https://serviceusage.googleapis.com/v1/projects/portfolio-1458b/services/cloudfunctions.googleapis.com [none]
[debug] [2025-02-12T10:56:06.841Z] >>> [apiv2][(partial)header] GET https://serviceusage.googleapis.com/v1/projects/portfolio-1458b/services/cloudfunctions.googleapis.com x-goog-quota-user=projects/portfolio-1458b
[debug] [2025-02-12T10:56:06.842Z] >>> [apiv2][query] GET https://serviceusage.googleapis.com/v1/projects/portfolio-1458b/services/runtimeconfig.googleapis.com [none]
[debug] [2025-02-12T10:56:06.842Z] >>> [apiv2][(partial)header] GET https://serviceusage.googleapis.com/v1/projects/portfolio-1458b/services/runtimeconfig.googleapis.com x-goog-quota-user=projects/portfolio-1458b
[debug] [2025-02-12T10:56:08.049Z] <<< [apiv2][status] GET https://serviceusage.googleapis.com/v1/projects/portfolio-1458b/services/runtimeconfig.googleapis.com 200
[debug] [2025-02-12T10:56:08.049Z] <<< [apiv2][body] GET https://serviceusage.googleapis.com/v1/projects/portfolio-1458b/services/runtimeconfig.googleapis.com [omitted]
[debug] [2025-02-12T10:56:08.052Z] <<< [apiv2][status] GET https://serviceusage.googleapis.com/v1/projects/portfolio-1458b/services/cloudfunctions.googleapis.com 200
[debug] [2025-02-12T10:56:08.052Z] <<< [apiv2][body] GET https://serviceusage.googleapis.com/v1/projects/portfolio-1458b/services/cloudfunctions.googleapis.com [omitted]
[debug] [2025-02-12T10:56:08.052Z] Checked if tokens are valid: true, expires at: 1739361169388
[debug] [2025-02-12T10:56:08.052Z] Checked if tokens are valid: true, expires at: 1739361169388
[debug] [2025-02-12T10:56:08.052Z] >>> [apiv2][query] POST https://serviceusage.googleapis.com/v1/projects/portfolio-1458b/services/cloudfunctions.googleapis.com:enable [none]
[debug] [2025-02-12T10:56:08.052Z] >>> [apiv2][(partial)header] POST https://serviceusage.googleapis.com/v1/projects/portfolio-1458b/services/cloudfunctions.googleapis.com:enable x-goog-quota-user=projects/portfolio-1458b
[debug] [2025-02-12T10:56:09.351Z] <<< [apiv2][status] POST https://serviceusage.googleapis.com/v1/projects/portfolio-1458b/services/cloudfunctions.googleapis.com:enable 200
[debug] [2025-02-12T10:56:09.351Z] <<< [apiv2][body] POST https://serviceusage.googleapis.com/v1/projects/portfolio-1458b/services/cloudfunctions.googleapis.com:enable [omitted]
[debug] [2025-02-12T10:56:19.355Z] Checked if tokens are valid: true, expires at: 1739361169388
[debug] [2025-02-12T10:56:19.356Z] Checked if tokens are valid: true, expires at: 1739361169388
[debug] [2025-02-12T10:56:19.356Z] >>> [apiv2][query] GET https://serviceusage.googleapis.com/v1/projects/portfolio-1458b/services/cloudfunctions.googleapis.com [none]
[debug] [2025-02-12T10:56:19.356Z] >>> [apiv2][(partial)header] GET https://serviceusage.googleapis.com/v1/projects/portfolio-1458b/services/cloudfunctions.googleapis.com x-goog-quota-user=projects/portfolio-1458b
[debug] [2025-02-12T10:56:19.958Z] <<< [apiv2][status] GET https://serviceusage.googleapis.com/v1/projects/portfolio-1458b/services/cloudfunctions.googleapis.com 200
[debug] [2025-02-12T10:56:19.958Z] <<< [apiv2][body] GET https://serviceusage.googleapis.com/v1/projects/portfolio-1458b/services/cloudfunctions.googleapis.com [omitted]
[info] Let's create a new codebase for your functions.
[info] A directory corresponding to the codebase will be created in your project
[info] with sample code pre-configured.

[info] See https://firebase.google.com/docs/functions/organize-functions for
[info] more information on organizing your functions using codebases.

[info] Functions can be deployed with firebase deploy.

[info] +  Wrote functions/package.json 
[info] +  Wrote functions/.eslintrc.js 
[info] +  Wrote functions/tsconfig.json 
[info] +  Wrote functions/tsconfig.dev.json 
[info] +  Wrote functions/src/index.ts 
[info] +  Wrote functions/.gitignore 
[info] 
[info] i  genkit: Installing Genkit CLI version 1.0.4
 
[info] i  genkit: Installing NPM packages for genkit 
[info] +  genkit: Successfully installed NPM packages 
[info] i  genkit: Updating tsconfig.json 
[info] +  genkit: Successfully updated tsconfig.json 
[info] i  genkit: Updating package.json 
[info] +  genkit: Successfully updated package.json 
[info] i  genkit: Generating sample file 
[info] +  genkit: Successfully generated sample file (src/genkit-sample.ts) 
[info] Start the Genkit developer experience by running:
[info] 
[info]     cd functions && npm run genkit:start
[info] 
=== Apphosting Setup
[debug] [2025-02-12T11:05:35.467Z] Checked if tokens are valid: true, expires at: 1739361169388
[debug] [2025-02-12T11:05:35.467Z] Checked if tokens are valid: true, expires at: 1739361169388
[debug] [2025-02-12T11:05:35.467Z] >>> [apiv2][query] GET https://cloudbilling.googleapis.com/v1/projects/portfolio-1458b/billingInfo [none]
[debug] [2025-02-12T11:05:36.270Z] <<< [apiv2][status] GET https://cloudbilling.googleapis.com/v1/projects/portfolio-1458b/billingInfo 200
[debug] [2025-02-12T11:05:36.270Z] <<< [apiv2][body] GET https://cloudbilling.googleapis.com/v1/projects/portfolio-1458b/billingInfo {"name":"projects/portfolio-1458b/billingInfo","projectId":"portfolio-1458b","billingAccountName":"","billingEnabled":false}
[info] i  Writing default settings to apphosting.yaml... 
[info] +  Wrote apphosting.yaml 
[info] +  Create a new App Hosting backend with `firebase apphosting:backends:create` 
[info] 
=== Hosting Setup
[debug] [2025-02-12T11:05:36.274Z] Checked if tokens are valid: true, expires at: 1739361169388
[debug] [2025-02-12T11:05:36.275Z] Checked if tokens are valid: true, expires at: 1739361169388
[debug] [2025-02-12T11:05:36.275Z] >>> [apiv2][query] GET https://firebase.googleapis.com/v1beta1/projects/portfolio-1458b [none]
[debug] [2025-02-12T11:05:36.840Z] <<< [apiv2][status] GET https://firebase.googleapis.com/v1beta1/projects/portfolio-1458b 200
[debug] [2025-02-12T11:05:36.840Z] <<< [apiv2][body] GET https://firebase.googleapis.com/v1beta1/projects/portfolio-1458b {"projectId":"portfolio-1458b","projectNumber":"487309702368","displayName":"portfolio","name":"projects/portfolio-1458b","resources":{"hostingSite":"portfolio-1458b","realtimeDatabaseInstance":"portfolio-1458b-default-rtdb","locationId":"asia-northeast1"},"state":"ACTIVE","etag":"1_fe9150c9-9d8f-47e8-a00f-8454cfc9e6fc"}
[info] 
[info] Your public directory is the folder (relative to your project directory) that
[info] will contain Hosting assets to be uploaded with firebase deploy. If you
[info] have a build process for your assets, use your build's output directory.
[info] 
